[debug] [2025-10-31T11:09:27.408Z] ----------------------------------------------------------------------
[debug] [2025-10-31T11:09:27.412Z] Command:       C:\Program Files\nodejs\node.exe C:\Users\sayan\AppData\Roaming\npm\node_modules\firebase-tools\lib\bin\firebase.js deploy
[debug] [2025-10-31T11:09:27.413Z] CLI Version:   14.22.0
[debug] [2025-10-31T11:09:27.413Z] Platform:      win32
[debug] [2025-10-31T11:09:27.414Z] Node Version:  v22.18.0
[debug] [2025-10-31T11:09:27.414Z] Time:          Fri Oct 31 2025 16:39:27 GMT+0530 (India Standard Time)
[debug] [2025-10-31T11:09:27.415Z] ----------------------------------------------------------------------
[debug] 
[debug] [2025-10-31T11:09:27.763Z] > command requires scopes: ["email","openid","https://www.googleapis.com/auth/cloudplatformprojects.readonly","https://www.googleapis.com/auth/firebase","https://www.googleapis.com/auth/cloud-platform"]
[debug] [2025-10-31T11:09:27.764Z] > authorizing via signed-in user (sayanth.t.m9090@gmail.com)
[debug] [2025-10-31T11:09:27.764Z] [iam] checking project jwel369 for permissions ["datastore.indexes.create","datastore.indexes.delete","datastore.indexes.list","datastore.indexes.update","firebase.projects.get","firebasehosting.sites.update","firebaserules.releases.create","firebaserules.releases.update","firebaserules.rulesets.create"]
[debug] [2025-10-31T11:09:27.766Z] Checked if tokens are valid: true, expires at: 1761911100325
[debug] [2025-10-31T11:09:27.766Z] Checked if tokens are valid: true, expires at: 1761911100325
[debug] [2025-10-31T11:09:27.768Z] >>> [apiv2][query] POST https://cloudresourcemanager.googleapis.com/v1/projects/jwel369:testIamPermissions [none]
[debug] [2025-10-31T11:09:27.768Z] >>> [apiv2][(partial)header] POST https://cloudresourcemanager.googleapis.com/v1/projects/jwel369:testIamPermissions x-goog-quota-user=projects/jwel369
[debug] [2025-10-31T11:09:27.769Z] >>> [apiv2][body] POST https://cloudresourcemanager.googleapis.com/v1/projects/jwel369:testIamPermissions {"permissions":["datastore.indexes.create","datastore.indexes.delete","datastore.indexes.list","datastore.indexes.update","firebase.projects.get","firebasehosting.sites.update","firebaserules.releases.create","firebaserules.releases.update","firebaserules.rulesets.create"]}
[debug] [2025-10-31T11:09:29.447Z] <<< [apiv2][status] POST https://cloudresourcemanager.googleapis.com/v1/projects/jwel369:testIamPermissions 200
[debug] [2025-10-31T11:09:29.447Z] <<< [apiv2][body] POST https://cloudresourcemanager.googleapis.com/v1/projects/jwel369:testIamPermissions {"permissions":["datastore.indexes.create","datastore.indexes.delete","datastore.indexes.list","datastore.indexes.update","firebase.projects.get","firebasehosting.sites.update","firebaserules.releases.create","firebaserules.releases.update","firebaserules.rulesets.create"]}
[debug] [2025-10-31T11:09:29.449Z] Checked if tokens are valid: true, expires at: 1761911100325
[debug] [2025-10-31T11:09:29.449Z] Checked if tokens are valid: true, expires at: 1761911100325
[debug] [2025-10-31T11:09:29.450Z] >>> [apiv2][query] GET https://firebase.googleapis.com/v1beta1/projects/jwel369 [none]
[debug] [2025-10-31T11:09:31.378Z] <<< [apiv2][status] GET https://firebase.googleapis.com/v1beta1/projects/jwel369 200
[debug] [2025-10-31T11:09:31.378Z] <<< [apiv2][body] GET https://firebase.googleapis.com/v1beta1/projects/jwel369 {"projectId":"jwel369","projectNumber":"483619642721","displayName":"jwel369","name":"projects/jwel369","resources":{"hostingSite":"jwel369"},"state":"ACTIVE","etag":"1_e812175c-1f1f-4375-8692-f53157fd08ba"}
[info] 
[info] === Deploying to 'jwel369'...
[info] 
[info] i  deploying storage, firestore, hosting 
[info] i  storage: ensuring required API firebasestorage.googleapis.com is enabled... 
[debug] [2025-10-31T11:09:31.433Z] Checked if tokens are valid: true, expires at: 1761911100325
[debug] [2025-10-31T11:09:31.433Z] Checked if tokens are valid: true, expires at: 1761911100325
[debug] [2025-10-31T11:09:31.433Z] >>> [apiv2][query] GET https://firebasestorage.googleapis.com/v1alpha/projects/jwel369/defaultBucket [none]
[debug] [2025-10-31T11:09:32.558Z] <<< [apiv2][status] GET https://firebasestorage.googleapis.com/v1alpha/projects/jwel369/defaultBucket 200
[debug] [2025-10-31T11:09:32.558Z] <<< [apiv2][body] GET https://firebasestorage.googleapis.com/v1alpha/projects/jwel369/defaultBucket {"name":"projects/jwel369/defaultBucket","location":"ASIA-SOUTH1","bucket":{"name":"projects/jwel369/buckets/jwel369.firebasestorage.app"},"storageClass":"COLDLINE"}
[info] i  firebase.storage: checking storage.rules for compilation errors... 
[debug] [2025-10-31T11:09:32.561Z] Checked if tokens are valid: true, expires at: 1761911100325
[debug] [2025-10-31T11:09:32.562Z] Checked if tokens are valid: true, expires at: 1761911100325
[debug] [2025-10-31T11:09:32.562Z] >>> [apiv2][query] POST https://firebaserules.googleapis.com/v1/projects/jwel369:test [none]
[debug] [2025-10-31T11:09:32.562Z] >>> [apiv2][body] POST https://firebaserules.googleapis.com/v1/projects/jwel369:test [omitted]
[debug] [2025-10-31T11:09:34.180Z] <<< [apiv2][status] POST https://firebaserules.googleapis.com/v1/projects/jwel369:test 200
[debug] [2025-10-31T11:09:34.180Z] <<< [apiv2][body] POST https://firebaserules.googleapis.com/v1/projects/jwel369:test {}
[info] +  firebase.storage: rules file storage.rules compiled successfully 
[info] i  firestore: ensuring required API firestore.googleapis.com is enabled... 
[info] i  firestore: ensuring required API firestore.googleapis.com is enabled... 
[debug] [2025-10-31T11:09:34.186Z] Checked if tokens are valid: true, expires at: 1761911100325
[debug] [2025-10-31T11:09:34.186Z] Checked if tokens are valid: true, expires at: 1761911100325
[debug] [2025-10-31T11:09:34.186Z] >>> [apiv2][query] GET https://firestore.googleapis.com/v1/projects/jwel369/databases/(default) [none]
[debug] [2025-10-31T11:09:36.055Z] <<< [apiv2][status] GET https://firestore.googleapis.com/v1/projects/jwel369/databases/(default) 200
[debug] [2025-10-31T11:09:36.055Z] <<< [apiv2][body] GET https://firestore.googleapis.com/v1/projects/jwel369/databases/(default) {"name":"projects/jwel369/databases/(default)","uid":"14bfce13-950e-445d-8a3e-f96ae8e06cec","createTime":"2025-10-15T00:17:32.443682Z","updateTime":"2025-10-15T00:17:32.443682Z","locationId":"nam5","type":"FIRESTORE_NATIVE","concurrencyMode":"PESSIMISTIC","versionRetentionPeriod":"3600s","earliestVersionTime":"2025-10-31T10:09:35.622707Z","appEngineIntegrationMode":"DISABLED","keyPrefix":"s","pointInTimeRecoveryEnablement":"POINT_IN_TIME_RECOVERY_DISABLED","deleteProtectionState":"DELETE_PROTECTION_DISABLED","databaseEdition":"STANDARD","freeTier":true,"realtimeUpdatesMode":"REALTIME_UPDATES_MODE_ENABLED","etag":"IJiv+bSmzpADMLKDv/n2pJAD"}
[info] i  cloud.firestore: checking firestore.rules for compilation errors... 
[debug] [2025-10-31T11:09:36.058Z] Checked if tokens are valid: true, expires at: 1761911100325
[debug] [2025-10-31T11:09:36.058Z] Checked if tokens are valid: true, expires at: 1761911100325
[debug] [2025-10-31T11:09:36.058Z] >>> [apiv2][query] POST https://firebaserules.googleapis.com/v1/projects/jwel369:test [none]
[debug] [2025-10-31T11:09:36.058Z] >>> [apiv2][body] POST https://firebaserules.googleapis.com/v1/projects/jwel369:test [omitted]
[debug] [2025-10-31T11:09:37.414Z] <<< [apiv2][status] POST https://firebaserules.googleapis.com/v1/projects/jwel369:test 200
[debug] [2025-10-31T11:09:37.414Z] <<< [apiv2][body] POST https://firebaserules.googleapis.com/v1/projects/jwel369:test {}
[info] +  cloud.firestore: rules file firestore.rules compiled successfully 
[debug] [2025-10-31T11:09:37.416Z] Checked if tokens are valid: true, expires at: 1761911100325
[debug] [2025-10-31T11:09:37.416Z] Checked if tokens are valid: true, expires at: 1761911100325
[debug] [2025-10-31T11:09:37.416Z] >>> [apiv2][query] POST https://firebasehosting.googleapis.com/v1beta1/projects/-/sites/jwel369/versions [none]
[debug] [2025-10-31T11:09:37.416Z] >>> [apiv2][body] POST https://firebasehosting.googleapis.com/v1beta1/projects/-/sites/jwel369/versions {"status":"CREATED","labels":{"deployment-tool":"cli-firebase"}}
[debug] [2025-10-31T11:09:40.090Z] <<< [apiv2][status] POST https://firebasehosting.googleapis.com/v1beta1/projects/-/sites/jwel369/versions 200
[debug] [2025-10-31T11:09:40.090Z] <<< [apiv2][body] POST https://firebasehosting.googleapis.com/v1beta1/projects/-/sites/jwel369/versions {"name":"projects/483619642721/sites/jwel369/versions/ba80747d55e43ce3","status":"CREATED","config":{},"labels":{"deployment-tool":"cli-firebase"}}
[debug] [2025-10-31T11:09:40.091Z] Checked if tokens are valid: true, expires at: 1761911100325
[debug] [2025-10-31T11:09:40.091Z] Checked if tokens are valid: true, expires at: 1761911100325
[debug] [2025-10-31T11:09:40.091Z] >>> [apiv2][query] GET https://firebaserules.googleapis.com/v1/projects/jwel369/releases pageSize=10&pageToken=
[debug] [2025-10-31T11:09:41.641Z] <<< [apiv2][status] GET https://firebaserules.googleapis.com/v1/projects/jwel369/releases 200
[debug] [2025-10-31T11:09:41.641Z] <<< [apiv2][body] GET https://firebaserules.googleapis.com/v1/projects/jwel369/releases {"releases":[{"name":"projects/jwel369/releases/cloud.firestore","rulesetName":"projects/jwel369/rulesets/b9b86cd0-e707-4098-9329-a65d75547d3d","createTime":"2025-10-15T00:17:40.265033Z","updateTime":"2025-10-31T10:45:32.002363Z"},{"name":"projects/jwel369/releases/firebase.storage/jwel369.firebasestorage.app","rulesetName":"projects/jwel369/rulesets/b432ee9f-5bda-4a3c-94c0-1084028bf758","createTime":"2025-10-14T20:05:23.630654Z","updateTime":"2025-10-31T10:45:30.591177Z"}]}
[debug] [2025-10-31T11:09:41.654Z] Checked if tokens are valid: true, expires at: 1761911100325
[debug] [2025-10-31T11:09:41.654Z] Checked if tokens are valid: true, expires at: 1761911100325
[debug] [2025-10-31T11:09:41.654Z] >>> [apiv2][query] GET https://firebaserules.googleapis.com/v1/projects/jwel369/rulesets/b432ee9f-5bda-4a3c-94c0-1084028bf758 [none]
[debug] [2025-10-31T11:09:42.132Z] <<< [apiv2][status] GET https://firebaserules.googleapis.com/v1/projects/jwel369/rulesets/b432ee9f-5bda-4a3c-94c0-1084028bf758 200
[debug] [2025-10-31T11:09:42.132Z] <<< [apiv2][body] GET https://firebaserules.googleapis.com/v1/projects/jwel369/rulesets/b432ee9f-5bda-4a3c-94c0-1084028bf758 [omitted]
[info] i  storage: latest version of storage.rules already up to date, skipping upload... 
[debug] [2025-10-31T11:09:42.134Z] Checked if tokens are valid: true, expires at: 1761911100325
[debug] [2025-10-31T11:09:42.134Z] Checked if tokens are valid: true, expires at: 1761911100325
[debug] [2025-10-31T11:09:42.135Z] >>> [apiv2][query] GET https://firebaserules.googleapis.com/v1/projects/jwel369/releases pageSize=10&pageToken=
[debug] [2025-10-31T11:09:43.696Z] <<< [apiv2][status] GET https://firebaserules.googleapis.com/v1/projects/jwel369/releases 200
[debug] [2025-10-31T11:09:43.696Z] <<< [apiv2][body] GET https://firebaserules.googleapis.com/v1/projects/jwel369/releases {"releases":[{"name":"projects/jwel369/releases/cloud.firestore","rulesetName":"projects/jwel369/rulesets/b9b86cd0-e707-4098-9329-a65d75547d3d","createTime":"2025-10-15T00:17:40.265033Z","updateTime":"2025-10-31T10:45:32.002363Z"},{"name":"projects/jwel369/releases/firebase.storage/jwel369.firebasestorage.app","rulesetName":"projects/jwel369/rulesets/b432ee9f-5bda-4a3c-94c0-1084028bf758","createTime":"2025-10-14T20:05:23.630654Z","updateTime":"2025-10-31T10:45:30.591177Z"}]}
[debug] [2025-10-31T11:09:43.697Z] Checked if tokens are valid: true, expires at: 1761911100325
[debug] [2025-10-31T11:09:43.697Z] Checked if tokens are valid: true, expires at: 1761911100325
[debug] [2025-10-31T11:09:43.697Z] >>> [apiv2][query] GET https://firebaserules.googleapis.com/v1/projects/jwel369/rulesets/b9b86cd0-e707-4098-9329-a65d75547d3d [none]
